<?xml version="1.0" encoding="UTF-8"?>
<!-- Generated by org.testng.reporters.JUnitReportReporter -->
<testsuite skipped="0" hostname="DESKTOP-AP33SR2" name="com.first.TestNG" tests="1" failures="0" timestamp="30 Jan 2020 13:12:00 GMT" time="0.025" errors="0">
  <testcase name="first" time="0.025" classname="com.first.TestNG"/>
</testsuite> <!-- com.first.TestNG -->
